Arguments: 
  C:\Program Files\nodejs\node.exe C:\Program Files\nodejs\node_modules\yarn\bin\yarn.js run server:start:warning

PATH: 
  C:\Program Files\Python38\Scripts\;C:\Program Files\Python38\;C:\Windows\system32;C:\Windows;C:\Windows\System32\Wbem;C:\Windows\System32\WindowsPowerShell\v1.0\;C:\Windows\System32\OpenSSH\;C:\Program Files\Microsoft VS Code\bin;C:\Users\yangy\AppData\Local\Microsoft\WindowsApps;C:\Program Files\Bandizip\;C:\Program Files\JetBrains\WebStorm 2021.1.2\bin;C:\Users\yangy\dev\mongodb;C:\Program Files\Git\cmd;C:\Users\yangy\AppData\Local\Microsoft\WindowsApps;C:\Program Files\Bandizip\;C:\Program Files\JetBrains\WebStorm 2021.1.2\bin;;C:\Users\yangy\dev\nvm;C:\Program Files\nodejs;C:\Users\yangy\dev\yarn\bin;C:\Users\yangy\dev\mongodb\bin;

Yarn version: 
  1.22.10

Node version: 
  16.3.0

Platform: 
  win32 x64

Trace: 
  SyntaxError: D:\dev\learns-vue\packages\@lv\server\package.json: Unexpected token } in JSON at position 548
      at JSON.parse (<anonymous>)
      at C:\Users\yangy\dev\nvm\v16.3.0\node_modules\yarn\lib\cli.js:1625:59
      at Generator.next (<anonymous>)
      at step (C:\Users\yangy\dev\nvm\v16.3.0\node_modules\yarn\lib\cli.js:310:30)
      at C:\Users\yangy\dev\nvm\v16.3.0\node_modules\yarn\lib\cli.js:321:13

npm manifest: 
  {
    "name": "@lv/server",
    "description": "All support for learns-vues's backend.",
    "version": "1.0.0",
    "main": "index.js",
    "license": "MIT",
    "private": true,
    "scripts": {
      "start": "yarn run nodemon -e ts -x node_modules/.bin/ts-node -r tsconfig-paths/register src/main.ts",
      "server:start:warning":"node --trace-warnings -r ts-node/register -r tsconfig-paths/register src/main.ts",
      "build": "yarn run tsc --build tsconfig.json"
    },
    "dependencies": {
      "@koa/router": "^10.0.0",
      "@lv/server-addon-github": "1.0.0",
    },
    "devDependencies": {
      "@types/koa__router": "^8.0.4",
      "@types/node": "^14.14.41",
      "@typescript-eslint/eslint-plugin": "^4.22.0",
      "@typescript-eslint/parser": "^4.22.0",
      "eslint": "^7.25.0",
      "eslint-config-prettier": "^8.2.0",
      "eslint-plugin-prettier": "^3.4.0",
      "nodemon": "^2.0.7",
      "prettier": "^2.2.1",
      "ts-node": "^9.1.1",
      "tsconfig-paths": "^3.9.0",
      "typescript": "^4.2.4"
    },
    "nodemonConfig": {
      "ignoreRoot": [
        ".git"
      ],
      "delay": 2500,
      "start": "cls || clear"
    }
  }

yarn manifest: 
  No manifest

Lockfile: 
  No lockfile
